ERROR 2025-08-20T00:39:10.170+00:00 ThreadId(1) [1P:foundation/op-log/src/lib.rs:684] tracing WAS NOT installed
ERROR 2025-08-20T00:39:10.177+00:00 ThreadId(1) [1P:op-settings/src/store/json_store.rs:82] Os { code: 2, kind: NotFound, message: "No such file or directory" }
INFO  2025-08-20T00:39:10.177+00:00 ThreadId(1) [1P:op-settings/src/store/json_store.rs:118] Settings file "/home/<redacted-username>/.config/1Password/settings/settings.json" missing, using defaults.
INFO  2025-08-20T00:39:10.179+00:00 ThreadId(1) [client:typescript] Client starting.
INFO  2025-08-20T00:39:10.574+00:00 ThreadId(1) [1P:op-crash-reporting/src/crash_handler.rs:276] Started crash handler thread
INFO  2025-08-20T00:39:10.574+00:00 ThreadId(1) [1P:op-localization/src/lib.rs:239] system locale detected as 'en-US'
INFO  2025-08-20T00:39:10.574+00:00 ThreadId(1) [1P:op-localization/src/lib.rs:265] selected translations for EN_US based on detected locale en-US
INFO  2025-08-20T00:39:10.574+00:00 ThreadId(1) [status:app/op-app/src/app.rs:995] App::new(1Password for Linux/81106025 (EN_US), /home/<redacted-username>/.config/1Password)
INFO  2025-08-20T00:39:10.578+00:00 ThreadId(1) [1P:data/op-db/src/common/mod.rs:148] Core DB Table Integrity Check Succeeded
INFO  2025-08-20T00:39:10.578+00:00 ThreadId(1) [1P:data/op-db/src/common/mod.rs:162] Core DB Integrity Check Succeeded
INFO  2025-08-20T00:39:10.578+00:00 ThreadId(1) [1P:data/op-db/src/core_db/db.rs:145] Starting Core DB at version: 41
INFO  2025-08-20T00:39:10.579+00:00 ThreadId(1) [1P:data/op-db/src/common/mod.rs:148] Resources DB Table Integrity Check Succeeded
INFO  2025-08-20T00:39:10.579+00:00 ThreadId(1) [1P:data/op-db/src/common/mod.rs:162] Resources DB Integrity Check Succeeded
INFO  2025-08-20T00:39:10.579+00:00 ThreadId(1) [1P:data/op-db/src/resources_db/db.rs:107] Starting Resources DB at version: 1
ERROR 2025-08-20T00:39:10.586+00:00 ThreadId(1) [1P:/mnt/ephemeral/builds/dev/core/core/ssh/op-ssh-config/src/lib.rs:251] Failed to start ssh config file watcher: Io(Os { code: 2, kind: NotFound, message: "No such file or directory" })
INFO  2025-08-20T00:39:10.590+00:00 ThreadId(1) [1P:native-messaging/op-nm-installer/src/nix_utils.rs:68] Created NMH manifest at /home/<redacted-username>/.config/google-chrome/NativeMessagingHosts/com.1password.1password.json
INFO  2025-08-20T00:39:10.590+00:00 ThreadId(1) [1P:native-messaging/op-nm-installer/src/nix_utils.rs:68] Created NMH manifest at /home/<redacted-username>/.config/google-chrome-beta/NativeMessagingHosts/com.1password.1password.json
INFO  2025-08-20T00:39:10.590+00:00 ThreadId(1) [1P:native-messaging/op-nm-installer/src/nix_utils.rs:68] Created NMH manifest at /home/<redacted-username>/.config/google-chrome-unstable/NativeMessagingHosts/com.1password.1password.json
INFO  2025-08-20T00:39:10.590+00:00 ThreadId(1) [1P:native-messaging/op-nm-installer/src/nix_utils.rs:68] Created NMH manifest at /home/<redacted-username>/.config/chromium/NativeMessagingHosts/com.1password.1password.json
INFO  2025-08-20T00:39:10.590+00:00 ThreadId(1) [1P:native-messaging/op-nm-installer/src/nix_utils.rs:68] Created NMH manifest at /home/<redacted-username>/.config/microsoft-edge-dev/NativeMessagingHosts/com.1password.1password.json
INFO  2025-08-20T00:39:10.590+00:00 ThreadId(1) [1P:native-messaging/op-nm-installer/src/nix_utils.rs:68] Created NMH manifest at /home/<redacted-username>/.config/BraveSoftware/Brave-Browser/NativeMessagingHosts/com.1password.1password.json
INFO  2025-08-20T00:39:10.590+00:00 ThreadId(1) [1P:native-messaging/op-nm-installer/src/nix_utils.rs:68] Created NMH manifest at /home/<redacted-username>/.config/vivaldi/NativeMessagingHosts/com.1password.1password.json
INFO  2025-08-20T00:39:10.590+00:00 ThreadId(1) [1P:native-messaging/op-nm-installer/src/nix_utils.rs:68] Created NMH manifest at /home/<redacted-username>/.config/vivaldi-snapshot/NativeMessagingHosts/com.1password.1password.json
INFO  2025-08-20T00:39:10.590+00:00 ThreadId(1) [1P:native-messaging/op-nm-installer/src/nix_utils.rs:68] Created NMH manifest at /home/<redacted-username>/.mozilla/native-messaging-hosts/com.1password.1password.json
INFO  2025-08-20T00:39:10.590+00:00 ThreadId(1) [1P:native-messaging/op-nm-installer/src/nix_utils.rs:83] Successfully installed all native messaging manifests.
INFO  2025-08-20T00:39:10.590+00:00 runtime-worker(ThreadId(9)) [1P:op-global-shortcuts/src/node.rs:38] Global shortcut registration is not available on this system.
INFO  2025-08-20T00:39:10.590+00:00 runtime-worker(ThreadId(3)) [1P:op-global-shortcuts/src/node.rs:38] Global shortcut registration is not available on this system.
INFO  2025-08-20T00:39:10.590+00:00 runtime-worker(ThreadId(7)) [1P:native-messaging/op-nm-installer/src/nix_utils.rs:68] Created NMH manifest at /home/<redacted-username>/.config/google-chrome/NativeMessagingHosts/com.1password.1password.json
INFO  2025-08-20T00:39:10.591+00:00 runtime-worker(ThreadId(7)) [1P:native-messaging/op-nm-installer/src/nix_utils.rs:68] Created NMH manifest at /home/<redacted-username>/.config/google-chrome-beta/NativeMessagingHosts/com.1password.1password.json
INFO  2025-08-20T00:39:10.591+00:00 runtime-worker(ThreadId(7)) [1P:native-messaging/op-nm-installer/src/nix_utils.rs:68] Created NMH manifest at /home/<redacted-username>/.config/google-chrome-unstable/NativeMessagingHosts/com.1password.1password.json
INFO  2025-08-20T00:39:10.591+00:00 runtime-worker(ThreadId(7)) [1P:native-messaging/op-nm-installer/src/nix_utils.rs:68] Created NMH manifest at /home/<redacted-username>/.config/chromium/NativeMessagingHosts/com.1password.1password.json
INFO  2025-08-20T00:39:10.591+00:00 runtime-worker(ThreadId(7)) [1P:native-messaging/op-nm-installer/src/nix_utils.rs:68] Created NMH manifest at /home/<redacted-username>/.config/microsoft-edge-dev/NativeMessagingHosts/com.1password.1password.json
INFO  2025-08-20T00:39:10.591+00:00 runtime-worker(ThreadId(7)) [1P:native-messaging/op-nm-installer/src/nix_utils.rs:68] Created NMH manifest at /home/<redacted-username>/.config/BraveSoftware/Brave-Browser/NativeMessagingHosts/com.1password.1password.json
INFO  2025-08-20T00:39:10.591+00:00 runtime-worker(ThreadId(7)) [1P:native-messaging/op-nm-installer/src/nix_utils.rs:68] Created NMH manifest at /home/<redacted-username>/.config/vivaldi/NativeMessagingHosts/com.1password.1password.json
INFO  2025-08-20T00:39:10.591+00:00 runtime-worker(ThreadId(7)) [1P:native-messaging/op-nm-installer/src/nix_utils.rs:68] Created NMH manifest at /home/<redacted-username>/.config/vivaldi-snapshot/NativeMessagingHosts/com.1password.1password.json
INFO  2025-08-20T00:39:10.591+00:00 runtime-worker(ThreadId(7)) [1P:native-messaging/op-nm-installer/src/nix_utils.rs:68] Created NMH manifest at /home/<redacted-username>/.mozilla/native-messaging-hosts/com.1password.1password.json
INFO  2025-08-20T00:39:10.591+00:00 runtime-worker(ThreadId(7)) [1P:native-messaging/op-nm-installer/src/nix_utils.rs:83] Successfully installed all native messaging manifests.
ERROR 2025-08-20T00:39:10.593+00:00 runtime-worker(ThreadId(7)) [1P:native-messaging/op-native-core-integration/src/lib.rs:548] Listener on SETTING_STATUS has been dropped, unable to communicate changes made to browser SLS setting
INFO  2025-08-20T00:39:10.593+00:00 runtime-worker(ThreadId(3)) [1P:native-messaging/op-native-core-integration/src/lib.rs:350] Starting IPC listener on 1Password-BrowserSupport
ERROR 2025-08-20T00:39:10.593+00:00 ThreadId(1) [1P:ffi/op-core-node/src/lib.rs:548] Io(Os { code: 2, kind: NotFound, message: "No such file or directory" })
INFO  2025-08-20T00:39:10.593+00:00 runtime-worker(ThreadId(7)) [1P:native-messaging/op-native-core-integration/src/lib.rs:362] Active native core integration is awaiting messages
INFO  2025-08-20T00:39:10.594+00:00 runtime-worker(ThreadId(7)) [1P:ssh/op-agent-controller/src/lib.rs:575] Starting filesystem watcher for SSH agent configuration directories...
ERROR 2025-08-20T00:39:10.594+00:00 runtime-worker(ThreadId(7)) [1P:/mnt/ephemeral/builds/dev/core/core/ssh/op-agent-controller/src/lib.rs:576] Io(Os { code: 2, kind: NotFound, message: "No such file or directory" })
INFO  2025-08-20T00:39:14.251+00:00 runtime-worker(ThreadId(15)) [1P:app/op-app/src/app/backend/mycelium/unauthorized_device_start.rs:93] MYCELIUM UNAUTHORIZED DEVICE FORWARD FLOW SIGN-IN -- starting new sign-in session
INFO  2025-08-20T00:39:14.252+00:00 runtime-worker(ThreadId(15)) [1P:foundation/op-feature-gate/src/feature_store.rs:939] MYCELIUM PRE-REGISTRATION FLAGS: Reading forward flag value as true
INFO  2025-08-20T00:39:14.252+00:00 runtime-worker(ThreadId(15)) [1P:app/op-app/src/app/backend/task_handle.rs:48] Starting mycelium-active-sign-in task
INFO  2025-08-20T00:39:14.252+00:00 runtime-worker(ThreadId(15)) [1P:app/op-app/src/app/backend/mycelium/unauthorized_device_start.rs:275] MYCELIUM UNAUTHORIZED DEVICE FORWARD FLOW SIGN-IN -- starting channel create loop
INFO  2025-08-20T00:39:14.524+00:00 runtime-worker(ThreadId(22)) [1P:app/op-app/src/app/backend/mycelium/unauthorized_device_start.rs:292] MYCELIUM UNAUTHORIZED DEVICE FORWARD FLOW SIGN-IN -- created Mycelium channel on region code Com
INFO  2025-08-20T00:39:18.119+00:00 runtime-worker(ThreadId(22)) [1P:app/op-app/src/app/backend/frontend.rs:29] Front end event: window closed
WARN  2025-08-20T00:41:42.833+00:00 runtime-worker(ThreadId(3)) [1P:op-mycelium-auth/src/state_machine/forward.rs:199] failed to wait for channel reply: Other(HttpError((/rustc/6b00bc3880198600130e1cf62b8f8a93494488cc/library/core/src/ops/function.rs:250, IoError(IoError(error sending request for url (<redacted URL>))))))
INFO  2025-08-20T00:41:42.833+00:00 runtime-worker(ThreadId(3)) [1P:op-mycelium-auth/src/state_machine/forward.rs:201] closing Mycelium channel
ERROR 2025-08-20T00:41:43.069+00:00 runtime-worker(ThreadId(3)) [1P:app/op-app/src/app/backend/mycelium/unauthorized_device_start.rs:423] Mycelium unjoined session terminated
ERROR 2025-08-20T00:41:43.069+00:00 runtime-worker(ThreadId(3)) [1P:app/op-app/src/app/backend/mycelium/unauthorized_device_start.rs:123] Other(HttpError((/rustc/6b00bc3880198600130e1cf62b8f8a93494488cc/library/core/src/ops/function.rs:250, IoError(IoError(error sending request for url (<redacted URL>))))))
INFO  2025-08-20T01:04:41.436+00:00 runtime-worker(ThreadId(3)) [1P:app/op-app/src/app/backend/lock.rs:190] Lock state changed: Locked
INFO  2025-08-20T01:04:41.436+00:00 runtime-worker(ThreadId(3)) [1P:app/op-app/src/app/backend/lock.rs:225] Locked. Reason: Manual.
INFO  2025-08-20T01:04:41.436+00:00 runtime-worker(ThreadId(22)) [1P:app/op-app/src/app/backend/task_handle.rs:63] Terminating mycelium-active-sign-in task
INFO  2025-08-20T01:09:41.531+00:00 runtime-worker(ThreadId(22)) [1P:app/op-app/src/app/backend/lock.rs:190] Lock state changed: Locked
INFO  2025-08-20T01:09:41.531+00:00 runtime-worker(ThreadId(22)) [1P:app/op-app/src/app/backend/lock.rs:225] Locked. Reason: Manual.
INFO  2025-08-20T01:09:41.531+00:00 runtime-worker(ThreadId(22)) [1P:app/op-app/src/app/backend/mycelium/task_management.rs:65] Received a Mycelium channel close request, ignoring request as no task is actively running
INFO  2025-08-20T01:44:13.288+00:00 runtime-worker(ThreadId(22)) [1P:app/op-app/src/app/backend/frontend.rs:64] Front end event: app will quit
WARN  2025-08-20T01:44:13.288+00:00 runtime-worker(ThreadId(22)) [1P:op-invocation/src/lib.rs:497] shutdown requested!
INFO  2025-08-20T01:44:13.289+00:00 runtime-worker(ThreadId(22)) [1P:app/op-app/src/app/shutdown.rs:81] starting app shutdown
INFO  2025-08-20T01:44:13.289+00:00 runtime-worker(ThreadId(22)) [1P:app/op-app/src/app/shutdown.rs:150] running shutdown hook: /mnt/ephemeral/builds/dev/core/core/app/op-app/src/app.rs:1391
INFO  2025-08-20T01:44:13.289+00:00 runtime-worker(ThreadId(22)) [1P:app/op-app/src/app/shutdown.rs:150] running shutdown hook: /mnt/ephemeral/builds/dev/core/core/app/op-app/src/app.rs:1723
INFO  2025-08-20T01:44:13.289+00:00 runtime-worker(ThreadId(22)) [1P:app/op-app/src/app/shutdown.rs:150] running shutdown hook: /mnt/ephemeral/builds/dev/core/core/app/op-app/src/app.rs:1747
ERROR 2025-08-20T01:44:13.298+00:00 ThreadId(1) [1P:op-crash-reporting/src/crash_handler.rs:257] Failed to prepare for requesting dump
