ERROR 2025-08-14T22:58:33.691+00:00 ThreadId(1) [1P:foundation/op-log/src/lib.rs:684] tracing WAS NOT installed
ERROR 2025-08-14T22:58:33.699+00:00 ThreadId(1) [1P:op-settings/src/store/json_store.rs:82] Os { code: 2, kind: NotFound, message: "No such file or directory" }
INFO  2025-08-14T22:58:33.699+00:00 ThreadId(1) [1P:op-settings/src/store/json_store.rs:118] Settings file "/home/<redacted-username>/.config/1Password/settings/settings.json" missing, using defaults.
INFO  2025-08-14T22:58:33.701+00:00 ThreadId(1) [client:typescript] Client starting.
ERROR 2025-08-14T22:58:34.071+00:00 ThreadId(1) [1P:op-crash-reporting/src/crash_report.rs:157] Failed to load crash reports from disk: Os { code: 2, kind: NotFound, message: "No such file or directory" }
INFO  2025-08-14T22:58:34.086+00:00 ThreadId(1) [1P:op-crash-reporting/src/crash_handler.rs:276] Started crash handler thread
INFO  2025-08-14T22:58:34.087+00:00 ThreadId(1) [1P:op-localization/src/lib.rs:239] system locale detected as 'en-US'
INFO  2025-08-14T22:58:34.087+00:00 ThreadId(1) [1P:op-localization/src/lib.rs:265] selected translations for EN_US based on detected locale en-US
INFO  2025-08-14T22:58:34.087+00:00 ThreadId(1) [status:app/op-app/src/app.rs:995] App::new(1Password for Linux/81106025 (EN_US), /home/<redacted-username>/.config/1Password)
INFO  2025-08-14T22:58:34.093+00:00 ThreadId(1) [1P:data/op-db/src/common/mod.rs:148] Core DB Table Integrity Check Succeeded
INFO  2025-08-14T22:58:34.093+00:00 ThreadId(1) [1P:data/op-db/src/common/mod.rs:162] Core DB Integrity Check Succeeded
INFO  2025-08-14T22:58:34.093+00:00 ThreadId(1) [1P:data/op-db/src/core_db/db.rs:145] Starting Core DB at version: 0
INFO  2025-08-14T22:58:34.093+00:00 ThreadId(1) [1P:data/op-db/src/core_db/db.rs:163] Database is being created at '/home/<redacted-username>/.config/1Password/1password.sqlite' (sqlite: 3050002)
INFO  2025-08-14T22:58:34.097+00:00 ThreadId(1) [1P:data/op-db/src/core_db/db.rs:537] Updated DB Schema to version 001
INFO  2025-08-14T22:58:34.098+00:00 ThreadId(1) [1P:data/op-db/src/core_db/db.rs:561] Updated DB Schema to version 002
INFO  2025-08-14T22:58:34.100+00:00 ThreadId(1) [1P:data/op-db/src/core_db/db.rs:573] Updated DB Schema to version 003
INFO  2025-08-14T22:58:34.101+00:00 ThreadId(1) [1P:data/op-db/src/core_db/db.rs:589] Updated DB Schema to version 005
INFO  2025-08-14T22:58:34.102+00:00 ThreadId(1) [1P:data/op-db/src/core_db/db.rs:605] Updated DB Schema to version 006
INFO  2025-08-14T22:58:34.103+00:00 ThreadId(1) [1P:data/op-db/src/core_db/db.rs:619] Updated DB Schema to version 007
INFO  2025-08-14T22:58:34.104+00:00 ThreadId(1) [1P:data/op-db/src/core_db/db.rs:633] Updated DB Schema to version 008
INFO  2025-08-14T22:58:34.105+00:00 ThreadId(1) [1P:data/op-db/src/core_db/db.rs:647] Updated DB Schema to version 009
INFO  2025-08-14T22:58:34.105+00:00 ThreadId(1) [1P:data/op-db/src/core_db/db.rs:661] Updated DB Schema to version 011
INFO  2025-08-14T22:58:34.106+00:00 ThreadId(1) [1P:data/op-db/src/core_db/db.rs:676] Updated DB Schema to version 012
INFO  2025-08-14T22:58:34.106+00:00 ThreadId(1) [1P:data/op-db/src/core_db/db.rs:690] Updated DB Schema to version 013
INFO  2025-08-14T22:58:34.107+00:00 ThreadId(1) [1P:data/op-db/src/core_db/db.rs:704] Updated DB Schema to version 014
INFO  2025-08-14T22:58:34.108+00:00 ThreadId(1) [1P:data/op-db/src/core_db/db.rs:718] Updated DB Schema to version 015
INFO  2025-08-14T22:58:34.109+00:00 ThreadId(1) [1P:data/op-db/src/core_db/db.rs:732] Updated DB Schema to version 016
INFO  2025-08-14T22:58:34.110+00:00 ThreadId(1) [1P:data/op-db/src/core_db/db.rs:746] Updated DB Schema to version 017
INFO  2025-08-14T22:58:34.111+00:00 ThreadId(1) [1P:data/op-db/src/core_db/db.rs:760] Updated DB Schema to version 018
INFO  2025-08-14T22:58:34.112+00:00 ThreadId(1) [1P:data/op-db/src/core_db/db.rs:774] Updated DB Schema to version 019
INFO  2025-08-14T22:58:34.113+00:00 ThreadId(1) [1P:data/op-db/src/core_db/db.rs:891] Updated DB Schema to version 021
INFO  2025-08-14T22:58:34.114+00:00 ThreadId(1) [1P:data/op-db/src/core_db/db.rs:905] Updated DB Schema to version 022
INFO  2025-08-14T22:58:34.116+00:00 ThreadId(1) [1P:data/op-db/src/core_db/db.rs:919] Updated DB Schema to version 023
INFO  2025-08-14T22:58:34.116+00:00 ThreadId(1) [1P:data/op-db/src/core_db/db.rs:933] Updated DB Schema to version 024
INFO  2025-08-14T22:58:34.117+00:00 ThreadId(1) [1P:data/op-db/src/core_db/db.rs:947] Updated DB Schema to version 025
INFO  2025-08-14T22:58:34.118+00:00 ThreadId(1) [1P:data/op-db/src/core_db/db.rs:1063] Updated DB Schema to version 026
INFO  2025-08-14T22:58:34.119+00:00 ThreadId(1) [1P:data/op-db/src/core_db/db.rs:1077] Updated DB Schema to version 027
INFO  2025-08-14T22:58:34.120+00:00 ThreadId(1) [1P:data/op-db/src/core_db/db.rs:1091] Updated DB Schema to version 028
INFO  2025-08-14T22:58:34.121+00:00 ThreadId(1) [1P:data/op-db/src/core_db/db.rs:1105] Updated DB Schema to version 029
INFO  2025-08-14T22:58:34.122+00:00 ThreadId(1) [1P:data/op-db/src/core_db/db.rs:1119] Updated DB Schema to version 030
INFO  2025-08-14T22:58:34.122+00:00 ThreadId(1) [1P:data/op-db/src/core_db/db.rs:1132] Updated DB Schema to version 031
INFO  2025-08-14T22:58:34.123+00:00 ThreadId(1) [1P:data/op-db/src/core_db/db.rs:1145] Updated DB Schema to version 032
INFO  2025-08-14T22:58:34.124+00:00 ThreadId(1) [1P:data/op-db/src/core_db/db.rs:1158] Updated DB Schema to version 033
INFO  2025-08-14T22:58:34.125+00:00 ThreadId(1) [1P:data/op-db/src/core_db/db.rs:1171] Updated DB Schema to version 034
INFO  2025-08-14T22:58:34.126+00:00 ThreadId(1) [1P:data/op-db/src/core_db/db.rs:1184] Updated DB Schema to version 035
INFO  2025-08-14T22:58:34.127+00:00 ThreadId(1) [1P:data/op-db/src/core_db/db.rs:1197] Updated DB Schema to version 036
INFO  2025-08-14T22:58:34.128+00:00 ThreadId(1) [1P:data/op-db/src/core_db/db.rs:1210] Updated DB Schema to version 037
INFO  2025-08-14T22:58:34.128+00:00 ThreadId(1) [1P:data/op-db/src/core_db/db.rs:1223] Updated DB Schema to version 038
INFO  2025-08-14T22:58:34.129+00:00 ThreadId(1) [1P:data/op-db/src/core_db/db.rs:1235] Updated DB Schema to version 039
INFO  2025-08-14T22:58:34.130+00:00 ThreadId(1) [1P:data/op-db/src/core_db/db.rs:1248] Updated DB Schema to version 040
INFO  2025-08-14T22:58:34.130+00:00 ThreadId(1) [1P:data/op-db/src/core_db/db.rs:1261] Updated DB Schema to version 041
INFO  2025-08-14T22:58:34.134+00:00 ThreadId(1) [1P:data/op-db/src/common/mod.rs:148] Resources DB Table Integrity Check Succeeded
INFO  2025-08-14T22:58:34.134+00:00 ThreadId(1) [1P:data/op-db/src/common/mod.rs:162] Resources DB Integrity Check Succeeded
INFO  2025-08-14T22:58:34.134+00:00 ThreadId(1) [1P:data/op-db/src/resources_db/db.rs:107] Starting Resources DB at version: 0
INFO  2025-08-14T22:58:34.134+00:00 ThreadId(1) [1P:data/op-db/src/resources_db/db.rs:119] Resources Database is being created at '/home/<redacted-username>/.config/1Password/1password_resources.sqlite' (sqlite: 3050002)
INFO  2025-08-14T22:58:34.136+00:00 ThreadId(1) [1P:data/op-db/src/resources_db/db.rs:217] Updated DB Schema to version 001
ERROR 2025-08-14T22:58:34.143+00:00 ThreadId(1) [1P:/mnt/ephemeral/builds/dev/core/core/ssh/op-ssh-config/src/lib.rs:251] Failed to start ssh config file watcher: Io(Os { code: 2, kind: NotFound, message: "No such file or directory" })
ERROR 2025-08-14T22:58:34.146+00:00 runtime-worker(ThreadId(3)) [1P:foundation/op-network-monitor/src/linux.rs:195] Failed to retrieve initial metering setting: MeteringQuery
INFO  2025-08-14T22:58:34.147+00:00 ThreadId(1) [1P:native-messaging/op-nm-installer/src/nix_utils.rs:48] Creating manifest directory for Chromium at /home/<redacted-username>/.config/google-chrome/NativeMessagingHosts
INFO  2025-08-14T22:58:34.147+00:00 ThreadId(1) [1P:native-messaging/op-nm-installer/src/nix_utils.rs:68] Created NMH manifest at /home/<redacted-username>/.config/google-chrome/NativeMessagingHosts/com.1password.1password.json
INFO  2025-08-14T22:58:34.147+00:00 ThreadId(1) [1P:native-messaging/op-nm-installer/src/nix_utils.rs:48] Creating manifest directory for Chromium at /home/<redacted-username>/.config/google-chrome-beta/NativeMessagingHosts
INFO  2025-08-14T22:58:34.148+00:00 ThreadId(1) [1P:native-messaging/op-nm-installer/src/nix_utils.rs:68] Created NMH manifest at /home/<redacted-username>/.config/google-chrome-beta/NativeMessagingHosts/com.1password.1password.json
INFO  2025-08-14T22:58:34.148+00:00 ThreadId(1) [1P:native-messaging/op-nm-installer/src/nix_utils.rs:48] Creating manifest directory for Chromium at /home/<redacted-username>/.config/google-chrome-unstable/NativeMessagingHosts
INFO  2025-08-14T22:58:34.148+00:00 ThreadId(1) [1P:native-messaging/op-nm-installer/src/nix_utils.rs:68] Created NMH manifest at /home/<redacted-username>/.config/google-chrome-unstable/NativeMessagingHosts/com.1password.1password.json
INFO  2025-08-14T22:58:34.148+00:00 ThreadId(1) [1P:native-messaging/op-nm-installer/src/nix_utils.rs:68] Created NMH manifest at /home/<redacted-username>/.config/chromium/NativeMessagingHosts/com.1password.1password.json
INFO  2025-08-14T22:58:34.148+00:00 ThreadId(1) [1P:native-messaging/op-nm-installer/src/nix_utils.rs:48] Creating manifest directory for Chromium at /home/<redacted-username>/.config/microsoft-edge-dev/NativeMessagingHosts
INFO  2025-08-14T22:58:34.148+00:00 ThreadId(1) [1P:native-messaging/op-nm-installer/src/nix_utils.rs:68] Created NMH manifest at /home/<redacted-username>/.config/microsoft-edge-dev/NativeMessagingHosts/com.1password.1password.json
INFO  2025-08-14T22:58:34.148+00:00 ThreadId(1) [1P:native-messaging/op-nm-installer/src/nix_utils.rs:48] Creating manifest directory for Chromium at /home/<redacted-username>/.config/BraveSoftware/Brave-Browser/NativeMessagingHosts
INFO  2025-08-14T22:58:34.148+00:00 ThreadId(1) [1P:native-messaging/op-nm-installer/src/nix_utils.rs:68] Created NMH manifest at /home/<redacted-username>/.config/BraveSoftware/Brave-Browser/NativeMessagingHosts/com.1password.1password.json
INFO  2025-08-14T22:58:34.148+00:00 ThreadId(1) [1P:native-messaging/op-nm-installer/src/nix_utils.rs:48] Creating manifest directory for Chromium at /home/<redacted-username>/.config/vivaldi/NativeMessagingHosts
INFO  2025-08-14T22:58:34.148+00:00 ThreadId(1) [1P:native-messaging/op-nm-installer/src/nix_utils.rs:68] Created NMH manifest at /home/<redacted-username>/.config/vivaldi/NativeMessagingHosts/com.1password.1password.json
INFO  2025-08-14T22:58:34.148+00:00 ThreadId(1) [1P:native-messaging/op-nm-installer/src/nix_utils.rs:48] Creating manifest directory for Chromium at /home/<redacted-username>/.config/vivaldi-snapshot/NativeMessagingHosts
INFO  2025-08-14T22:58:34.148+00:00 ThreadId(1) [1P:native-messaging/op-nm-installer/src/nix_utils.rs:68] Created NMH manifest at /home/<redacted-username>/.config/vivaldi-snapshot/NativeMessagingHosts/com.1password.1password.json
INFO  2025-08-14T22:58:34.148+00:00 ThreadId(1) [1P:native-messaging/op-nm-installer/src/nix_utils.rs:48] Creating manifest directory for Firefox at /home/<redacted-username>/.mozilla/native-messaging-hosts
INFO  2025-08-14T22:58:34.148+00:00 ThreadId(1) [1P:native-messaging/op-nm-installer/src/nix_utils.rs:68] Created NMH manifest at /home/<redacted-username>/.mozilla/native-messaging-hosts/com.1password.1password.json
INFO  2025-08-14T22:58:34.148+00:00 ThreadId(1) [1P:native-messaging/op-nm-installer/src/nix_utils.rs:83] Successfully installed all native messaging manifests.
INFO  2025-08-14T22:58:34.148+00:00 runtime-worker(ThreadId(19)) [1P:op-global-shortcuts/src/node.rs:38] Global shortcut registration is not available on this system.
INFO  2025-08-14T22:58:34.148+00:00 runtime-worker(ThreadId(18)) [1P:op-global-shortcuts/src/node.rs:38] Global shortcut registration is not available on this system.
INFO  2025-08-14T22:58:34.148+00:00 runtime-worker(ThreadId(3)) [1P:native-messaging/op-nm-installer/src/nix_utils.rs:68] Created NMH manifest at /home/<redacted-username>/.config/google-chrome/NativeMessagingHosts/com.1password.1password.json
INFO  2025-08-14T22:58:34.148+00:00 runtime-worker(ThreadId(3)) [1P:native-messaging/op-nm-installer/src/nix_utils.rs:68] Created NMH manifest at /home/<redacted-username>/.config/google-chrome-beta/NativeMessagingHosts/com.1password.1password.json
INFO  2025-08-14T22:58:34.148+00:00 runtime-worker(ThreadId(3)) [1P:native-messaging/op-nm-installer/src/nix_utils.rs:68] Created NMH manifest at /home/<redacted-username>/.config/google-chrome-unstable/NativeMessagingHosts/com.1password.1password.json
INFO  2025-08-14T22:58:34.148+00:00 runtime-worker(ThreadId(3)) [1P:native-messaging/op-nm-installer/src/nix_utils.rs:68] Created NMH manifest at /home/<redacted-username>/.config/chromium/NativeMessagingHosts/com.1password.1password.json
INFO  2025-08-14T22:58:34.148+00:00 runtime-worker(ThreadId(3)) [1P:native-messaging/op-nm-installer/src/nix_utils.rs:68] Created NMH manifest at /home/<redacted-username>/.config/microsoft-edge-dev/NativeMessagingHosts/com.1password.1password.json
INFO  2025-08-14T22:58:34.148+00:00 runtime-worker(ThreadId(3)) [1P:native-messaging/op-nm-installer/src/nix_utils.rs:68] Created NMH manifest at /home/<redacted-username>/.config/BraveSoftware/Brave-Browser/NativeMessagingHosts/com.1password.1password.json
INFO  2025-08-14T22:58:34.148+00:00 runtime-worker(ThreadId(3)) [1P:native-messaging/op-nm-installer/src/nix_utils.rs:68] Created NMH manifest at /home/<redacted-username>/.config/vivaldi/NativeMessagingHosts/com.1password.1password.json
INFO  2025-08-14T22:58:34.148+00:00 runtime-worker(ThreadId(3)) [1P:native-messaging/op-nm-installer/src/nix_utils.rs:68] Created NMH manifest at /home/<redacted-username>/.config/vivaldi-snapshot/NativeMessagingHosts/com.1password.1password.json
ERROR 2025-08-14T22:58:34.148+00:00 runtime-worker(ThreadId(19)) [1P:native-messaging/op-native-core-integration/src/lib.rs:548] Listener on SETTING_STATUS has been dropped, unable to communicate changes made to browser SLS setting
INFO  2025-08-14T22:58:34.148+00:00 runtime-worker(ThreadId(18)) [1P:native-messaging/op-native-core-integration/src/lib.rs:350] Starting IPC listener on 1Password-BrowserSupport
INFO  2025-08-14T22:58:34.149+00:00 runtime-worker(ThreadId(3)) [1P:native-messaging/op-nm-installer/src/nix_utils.rs:68] Created NMH manifest at /home/<redacted-username>/.mozilla/native-messaging-hosts/com.1password.1password.json
ERROR 2025-08-14T22:58:34.149+00:00 ThreadId(1) [1P:ffi/op-core-node/src/lib.rs:548] Io(Os { code: 2, kind: NotFound, message: "No such file or directory" })
INFO  2025-08-14T22:58:34.149+00:00 runtime-worker(ThreadId(3)) [1P:native-messaging/op-nm-installer/src/nix_utils.rs:83] Successfully installed all native messaging manifests.
INFO  2025-08-14T22:58:34.149+00:00 runtime-worker(ThreadId(3)) [1P:native-messaging/op-native-core-integration/src/lib.rs:362] Active native core integration is awaiting messages
INFO  2025-08-14T22:58:34.149+00:00 runtime-worker(ThreadId(3)) [1P:ssh/op-agent-controller/src/lib.rs:575] Starting filesystem watcher for SSH agent configuration directories...
ERROR 2025-08-14T22:58:34.149+00:00 runtime-worker(ThreadId(3)) [1P:/mnt/ephemeral/builds/dev/core/core/ssh/op-agent-controller/src/lib.rs:576] Io(Os { code: 2, kind: NotFound, message: "No such file or directory" })
ERROR 2025-08-14T22:58:34.189+00:00 ThreadId(1) [client:typescript] Could not load window state.
INFO  2025-08-14T23:01:28.908+00:00 runtime-worker(ThreadId(13)) [1P:app/op-app/src/app/backend.rs:1153] Mycelium sign-in cancellation request received from client
INFO  2025-08-14T23:01:28.908+00:00 runtime-worker(ThreadId(13)) [1P:app/op-app/src/app/backend/mycelium/task_management.rs:65] Received a Mycelium channel close request, ignoring request as no task is actively running
INFO  2025-08-14T23:01:28.938+00:00 runtime-worker(ThreadId(15)) [1P:app/op-app/src/app/backend.rs:1153] Mycelium sign-in cancellation request received from client
INFO  2025-08-14T23:01:28.938+00:00 runtime-worker(ThreadId(15)) [1P:app/op-app/src/app/backend/mycelium/task_management.rs:65] Received a Mycelium channel close request, ignoring request as no task is actively running
INFO  2025-08-14T23:01:45.633+00:00 runtime-worker(ThreadId(15)) [1P:app/op-app/src/app/backend/mycelium/unauthorized_device_start.rs:93] MYCELIUM UNAUTHORIZED DEVICE FORWARD FLOW SIGN-IN -- starting new sign-in session
INFO  2025-08-14T23:01:45.633+00:00 runtime-worker(ThreadId(15)) [1P:foundation/op-feature-gate/src/feature_store.rs:939] MYCELIUM PRE-REGISTRATION FLAGS: Reading forward flag value as true
INFO  2025-08-14T23:01:45.633+00:00 runtime-worker(ThreadId(15)) [1P:app/op-app/src/app/backend/task_handle.rs:48] Starting mycelium-active-sign-in task
INFO  2025-08-14T23:01:45.633+00:00 runtime-worker(ThreadId(15)) [1P:app/op-app/src/app/backend/mycelium/unauthorized_device_start.rs:275] MYCELIUM UNAUTHORIZED DEVICE FORWARD FLOW SIGN-IN -- starting channel create loop
INFO  2025-08-14T23:01:45.903+00:00 runtime-worker(ThreadId(13)) [1P:app/op-app/src/app/backend/mycelium/unauthorized_device_start.rs:292] MYCELIUM UNAUTHORIZED DEVICE FORWARD FLOW SIGN-IN -- created Mycelium channel on region code Com
INFO  2025-08-14T23:02:05.113+00:00 runtime-worker(ThreadId(15)) [1P:app/op-app/src/app/backend.rs:1153] Mycelium sign-in cancellation request received from client
INFO  2025-08-14T23:02:05.113+00:00 runtime-worker(ThreadId(15)) [1P:app/op-app/src/app/backend/task_handle.rs:63] Terminating mycelium-active-sign-in task
INFO  2025-08-14T23:02:05.113+00:00 runtime-worker(ThreadId(15)) [1P:app/op-app/src/app/backend/mycelium/unauthorized_device_start.rs:192] MYCELIUM UNAUTHORIZED DEVICE FORWARD FLOW SIGN-IN -- Mycelium sign in manually aborted
INFO  2025-08-14T23:03:27.660+00:00 runtime-worker(ThreadId(13)) [1P:app/op-app/src/app/backend/frontend.rs:29] Front end event: window closed
INFO  2025-08-14T23:09:05.604+00:00 runtime-worker(ThreadId(13)) [1P:app/op-app/src/app/backend/frontend.rs:29] Front end event: window closed
INFO  2025-08-14T23:40:31.346+00:00 runtime-worker(ThreadId(19)) [1P:app/op-app/src/app/backend/frontend.rs:64] Front end event: app will quit
ERROR 2025-08-14T23:40:31.357+00:00 ThreadId(1) [1P:op-crash-reporting/src/crash_handler.rs:257] Failed to prepare for requesting dump
WARN  2025-08-14T23:40:31.370+00:00 runtime-worker(ThreadId(19)) [1P:op-invocation/src/lib.rs:497] shutdown requested!
INFO  2025-08-14T23:40:31.370+00:00 runtime-worker(ThreadId(19)) [1P:app/op-app/src/app/shutdown.rs:81] starting app shutdown
INFO  2025-08-14T23:40:31.370+00:00 runtime-worker(ThreadId(19)) [1P:app/op-app/src/app/shutdown.rs:150] running shutdown hook: /mnt/ephemeral/builds/dev/core/core/app/op-app/src/app.rs:1391
INFO  2025-08-14T23:40:31.370+00:00 runtime-worker(ThreadId(19)) [1P:app/op-app/src/app/shutdown.rs:150] running shutdown hook: /mnt/ephemeral/builds/dev/core/core/app/op-app/src/app.rs:1723
INFO  2025-08-14T23:40:31.370+00:00 runtime-worker(ThreadId(19)) [1P:app/op-app/src/app/shutdown.rs:150] running shutdown hook: /mnt/ephemeral/builds/dev/core/core/app/op-app/src/app.rs:1747
