2025-08-14 23:15:13 Loading main app package /opt/Obsidian/resources/obsidian.asar
2025-08-14 23:15:13 Checking for update using Github
2025-08-14 23:15:14 Success.
2025-08-14 23:15:14 Latest version is 1.8.10
2025-08-14 23:15:14 App is up to date.
2025-08-14 23:22:51 Loading main app package /opt/Obsidian/resources/obsidian.asar
2025-08-14 23:22:51 Checking for update using Github
2025-08-14 23:22:51 Success.
2025-08-14 23:22:51 Latest version is 1.8.10
2025-08-14 23:22:51 App is up to date.
2025-08-14 23:23:52 Loading main app package /opt/Obsidian/resources/obsidian.asar
2025-08-14 23:23:52 Checking for update using Github
2025-08-14 23:23:52 Success.
2025-08-14 23:23:52 Latest version is 1.8.10
2025-08-14 23:23:52 App is up to date.
2025-08-14 23:26:23 Loading main app package /opt/Obsidian/resources/obsidian.asar
2025-08-14 23:26:23 Checking for update using Github
2025-08-20 00:39:01 Loading main app package /opt/Obsidian/resources/obsidian.asar
2025-08-20 00:39:01 Checking for update using Github
2025-08-20 00:39:01 Success.
2025-08-20 00:39:01 Latest version is 1.9.10
2025-08-20 00:39:01 Downloading update from https://github.com/obsidianmd/obsidian-releases/releases/download/v1.9.10/obsidian-1.9.10.asar.gz
2025-08-20 00:39:02 Verifying hash & signature. Size= 9033422
2025-08-20 00:39:02 Saving file
2025-08-20 00:39:03 Update complete.
